c:\users\anthony's pc\source\repos\raytrace\raytrace\debug\vc142.pdb
c:\users\anthony's pc\source\repos\raytrace\raytrace\debug\vc142.idb
c:\users\anthony's pc\source\repos\raytrace\raytrace\debug\util.obj
c:\users\anthony's pc\source\repos\raytrace\raytrace\debug\main.obj
c:\users\anthony's pc\source\repos\raytrace\raytrace\debug\bvh_node.obj
c:\users\anthony's pc\source\repos\raytrace\raytrace\debug\aabb.obj
c:\users\t_halia\source\repos\raytrace\raytrace\debug\vc142.pdb
c:\users\t_halia\source\repos\raytrace\raytrace\debug\vc142.idb
c:\users\t_halia\source\repos\raytrace\raytrace\debug\main.obj
c:\users\t_halia\source\repos\raytrace\raytrace\debug\util.obj
c:\users\t_halia\source\repos\raytrace\raytrace\debug\bvh_node.obj
c:\users\t_halia\source\repos\raytrace\raytrace\debug\aabb.obj
c:\users\anthony's pc\source\repos\raytrace\debug\raytrace.exe
c:\users\anthony's pc\source\repos\raytrace\debug\raytrace.ilk
c:\users\anthony's pc\source\repos\raytrace\debug\raytrace.pdb
c:\users\t_halia\source\repos\raytrace\debug\raytrace.ilk
c:\users\t_halia\source\repos\raytrace\debug\raytrace.exe
c:\users\t_halia\source\repos\raytrace\debug\raytrace.pdb
c:\users\t_halia\source\repos\raytrace\raytrace\debug\raytrace.tlog\cl.command.1.tlog
c:\users\t_halia\source\repos\raytrace\raytrace\debug\raytrace.tlog\cl.read.1.tlog
c:\users\t_halia\source\repos\raytrace\raytrace\debug\raytrace.tlog\cl.write.1.tlog
c:\users\t_halia\source\repos\raytrace\raytrace\debug\raytrace.tlog\link.command.1.tlog
c:\users\t_halia\source\repos\raytrace\raytrace\debug\raytrace.tlog\link.read.1.tlog
c:\users\t_halia\source\repos\raytrace\raytrace\debug\raytrace.tlog\link.write.1.tlog
